2014-11-28 23:26:28.567 13406 INFO neutron.common.config [-] Logging enabled!
2014-11-28 23:26:28.572 13406 INFO neutron.common.config [-] Config paste file: /usr/share/neutron/api-paste.ini
2014-11-28 23:26:28.673 13406 INFO neutron.manager [-] Loading core plugin: neutron.plugins.ml2.plugin.Ml2Plugin
2014-11-28 23:26:28.759 13406 INFO neutron.plugins.ml2.managers [-] Configured type driver names: ['vlan']
2014-11-28 23:26:28.762 13406 INFO neutron.plugins.ml2.drivers.type_vlan [-] Network VLAN ranges: {'physnet-tenant': [(2000, 2999)]}
2014-11-28 23:26:28.763 13406 INFO neutron.plugins.ml2.managers [-] Loaded type driver names: ['vlan']
2014-11-28 23:26:28.763 13406 INFO neutron.plugins.ml2.managers [-] Registered types: ['vlan']
2014-11-28 23:26:28.763 13406 INFO neutron.plugins.ml2.managers [-] Tenant network_types: ['vlan']
2014-11-28 23:26:28.764 13406 INFO neutron.plugins.ml2.managers [-] Configured extension driver names: []
2014-11-28 23:26:28.764 13406 INFO neutron.plugins.ml2.managers [-] Loaded extension driver names: []
2014-11-28 23:26:28.765 13406 INFO neutron.plugins.ml2.managers [-] Registered extension drivers: []
2014-11-28 23:26:28.765 13406 INFO neutron.plugins.ml2.managers [-] Configured mechanism driver names: ['openvswitch']
2014-11-28 23:26:28.766 13406 INFO neutron.plugins.ml2.managers [-] Loaded mechanism driver names: ['openvswitch']
2014-11-28 23:26:28.767 13406 INFO neutron.plugins.ml2.managers [-] Registered mechanism drivers: ['openvswitch']
2014-11-28 23:26:28.780 13406 INFO neutron.plugins.ml2.managers [-] Initializing driver for type 'vlan'
2014-11-28 23:26:29.143 13406 INFO neutron.plugins.ml2.drivers.type_vlan [-] VlanTypeDriver initialization complete
2014-11-28 23:26:29.144 13406 INFO neutron.plugins.ml2.managers [-] Initializing mechanism driver 'openvswitch'
2014-11-28 23:26:29.145 13406 INFO neutron.plugins.ml2.plugin [-] Modular L2 Plugin initialization complete
2014-11-28 23:26:29.145 13406 WARNING neutron.agent.securitygroups_rpc [-] Driver configuration doesn't match with enable_security_group
2014-11-28 23:26:29.146 13406 INFO neutron.manager [-] Loading Plugin: neutron.services.l3_router.l3_router_plugin.L3RouterPlugin
2014-11-28 23:26:29.188 13406 INFO oslo.messaging._drivers.impl_rabbit [-] Connecting to AMQP server on 10.0.1.111:5672
2014-11-28 23:26:29.204 13406 INFO oslo.messaging._drivers.impl_rabbit [-] Connected to AMQP server on 10.0.1.111:5672
2014-11-28 23:26:29.214 13406 INFO neutron.db.l3_agentschedulers_db [-] Skipping period L3 agent status check because automatic router rescheduling is disabled.
2014-11-28 23:26:29.215 13406 INFO neutron.manager [-] Loading Plugin: neutron.services.metering.metering_plugin.MeteringPlugin
2014-11-28 23:26:29.226 13406 INFO oslo.messaging._drivers.impl_rabbit [-] Connecting to AMQP server on 10.0.1.111:5672
2014-11-28 23:26:29.236 13406 INFO oslo.messaging._drivers.impl_rabbit [-] Connected to AMQP server on 10.0.1.111:5672
2014-11-28 23:26:29.243 13406 INFO neutron.api.extensions [-] Initializing extension manager.
2014-11-28 23:26:29.245 13406 INFO neutron.api.extensions [-] Loaded extension: agent
2014-11-28 23:26:29.247 13406 INFO neutron.api.extensions [-] Loaded extension: allowed-address-pairs
2014-11-28 23:26:29.249 13406 INFO neutron.api.extensions [-] Loaded extension: dhcp_agent_scheduler
2014-11-28 23:26:29.251 13406 INFO neutron.api.extensions [-] Loaded extension: dvr
2014-11-28 23:26:29.253 13406 INFO neutron.api.extensions [-] Loaded extension: external-net
2014-11-28 23:26:29.254 13406 INFO neutron.api.extensions [-] Loaded extension: extra_dhcp_opt
2014-11-28 23:26:29.256 13406 INFO neutron.api.extensions [-] Loaded extension: extraroute
2014-11-28 23:26:29.259 13406 WARNING neutron.api.extensions [-] Extension fwaas not supported by any of loaded plugins
2014-11-28 23:26:29.261 13406 WARNING neutron.api.extensions [-] Extension flavor not supported by any of loaded plugins
2014-11-28 23:26:29.263 13406 INFO neutron.api.extensions [-] Loaded extension: router
2014-11-28 23:26:29.265 13406 INFO neutron.api.extensions [-] Loaded extension: ext-gw-mode
2014-11-28 23:26:29.267 13406 INFO neutron.api.extensions [-] Loaded extension: l3-ha
2014-11-28 23:26:29.269 13406 INFO neutron.api.extensions [-] Loaded extension: l3_agent_scheduler
2014-11-28 23:26:29.273 13406 WARNING neutron.api.extensions [-] Extension lbaas_agent_scheduler not supported by any of loaded plugins
2014-11-28 23:26:29.277 13406 WARNING neutron.api.extensions [-] Extension lbaas not supported by any of loaded plugins
2014-11-28 23:26:29.279 13406 INFO neutron.api.extensions [-] Loaded extension: metering
2014-11-28 23:26:29.280 13406 INFO neutron.api.extensions [-] Loaded extension: multi-provider
2014-11-28 23:26:29.282 13406 INFO neutron.api.extensions [-] Loaded extension: binding
2014-11-28 23:26:29.284 13406 WARNING neutron.api.extensions [-] Extension port-security not supported by any of loaded plugins
2014-11-28 23:26:29.285 13406 INFO neutron.api.extensions [-] Loaded extension: provider
2014-11-28 23:26:29.286 13406 INFO neutron.api.extensions [-] Loaded extension: quotas
2014-11-28 23:26:29.287 13406 WARNING neutron.api.extensions [-] Extension routed-service-insertion not supported by any of loaded plugins
2014-11-28 23:26:29.288 13406 WARNING neutron.api.extensions [-] Extension router-service-type not supported by any of loaded plugins
2014-11-28 23:26:29.291 13406 INFO neutron.api.extensions [-] Loaded extension: security-group
2014-11-28 23:26:29.293 13406 WARNING neutron.api.extensions [-] Extension service-type not supported by any of loaded plugins
2014-11-28 23:26:29.296 13406 WARNING neutron.api.extensions [-] Extension vpnaas not supported by any of loaded plugins
2014-11-28 23:26:29.296 13406 INFO neutron.api.extensions [-] Extension 'agent' provides no backward compatibility map for extended attributes
2014-11-28 23:26:29.297 13406 INFO neutron.api.extensions [-] Extension 'Allowed Address Pairs' provides no backward compatibility map for extended attributes
2014-11-28 23:26:29.297 13406 INFO neutron.api.extensions [-] Extension 'Distributed Virtual Router' provides no backward compatibility map for extended attributes
2014-11-28 23:26:29.297 13406 INFO neutron.api.extensions [-] Extension 'Neutron Extra Route' provides no backward compatibility map for extended attributes
2014-11-28 23:26:29.316 13406 INFO keystonemiddleware.auth_token [-] Starting keystone auth_token middleware
2014-11-28 23:26:29.316 13406 WARNING keystonemiddleware.auth_token [-] Configuring admin URI using auth fragments. This is deprecated, use 'identity_uri' instead.
2014-11-28 23:26:29.317 13406 INFO keystonemiddleware.auth_token [-] Using /tmp/keystone-signing-9Bo66J as cache directory for signing certificate
2014-11-28 23:26:29.319 13406 INFO neutron.openstack.common.service [-] Starting 2 workers
2014-11-28 23:26:29.321 13406 INFO neutron.openstack.common.service [-] Started child 13419
2014-11-28 23:26:29.324 13419 INFO neutron.wsgi [-] (13419) wsgi starting up on http://0.0.0.0:9696/
2014-11-28 23:26:29.324 13406 INFO neutron.openstack.common.service [-] Started child 13420
2014-11-28 23:26:29.331 13420 INFO neutron.wsgi [-] (13420) wsgi starting up on http://0.0.0.0:9696/
2014-11-28 23:26:29.335 13406 INFO neutron.service [-] Neutron service started, listening on 0.0.0.0:9696
2014-11-28 23:26:29.336 13406 INFO neutron.openstack.common.service [-] Starting 2 workers
2014-11-28 23:26:29.337 13406 INFO neutron.openstack.common.service [-] Started child 13421
2014-11-28 23:26:29.343 13421 INFO oslo.messaging._drivers.impl_rabbit [-] Connecting to AMQP server on 10.0.1.111:5672
2014-11-28 23:26:29.343 13406 INFO neutron.openstack.common.service [-] Started child 13422
2014-11-28 23:26:29.357 13422 INFO oslo.messaging._drivers.impl_rabbit [-] Connecting to AMQP server on 10.0.1.111:5672
2014-11-28 23:26:29.378 13422 INFO oslo.messaging._drivers.impl_rabbit [-] Connected to AMQP server on 10.0.1.111:5672
2014-11-28 23:26:29.379 13421 INFO oslo.messaging._drivers.impl_rabbit [-] Connected to AMQP server on 10.0.1.111:5672
2014-11-28 23:26:33.694 13421 INFO oslo.messaging._drivers.impl_rabbit [-] Connecting to AMQP server on 10.0.1.111:5672
2014-11-28 23:26:33.709 13421 INFO oslo.messaging._drivers.impl_rabbit [-] Connected to AMQP server on 10.0.1.111:5672
2014-11-28 23:27:05.250 13422 INFO oslo.messaging._drivers.impl_rabbit [-] Connecting to AMQP server on 10.0.1.111:5672
2014-11-28 23:27:05.296 13422 INFO oslo.messaging._drivers.impl_rabbit [-] Connected to AMQP server on 10.0.1.111:5672
2014-11-28 23:27:09.489 13406 ERROR neutron.db.metering.metering_rpc [req-49cf162c-faa0-43d2-bde5-d4b059e2e688 None] Unable to find agent juno-network1.
2014-11-28 23:27:09.489 13406 INFO oslo.messaging._drivers.impl_rabbit [-] Connecting to AMQP server on 10.0.1.111:5672
2014-11-28 23:27:09.505 13406 INFO oslo.messaging._drivers.impl_rabbit [-] Connected to AMQP server on 10.0.1.111:5672
2014-11-28 23:27:09.893 13406 ERROR neutron.db.metering.metering_rpc [req-a1cfea61-0f0b-4567-94f9-d898f01c587d None] Unable to find agent juno-network2.
2014-11-28 23:31:30.185 13420 INFO neutron.wsgi [-] (13420) accepted ('10.0.1.111', 35636)
2014-11-28 23:31:30.198 13420 INFO urllib3.connectionpool [-] Starting new HTTP connection (1): 10.0.1.111
2014-11-28 23:31:30.208 13420 INFO keystonemiddleware.auth_token [-] Auth Token confirmed use of v3.0 apis
2014-11-28 23:31:30.427 13420 INFO neutron.wsgi [req-78bb398a-3054-48c0-ac35-e58a85844b79 None] 10.0.1.111 - - [28/Nov/2014 23:31:30] "GET //v2.0/lb/pools.json HTTP/1.1" 404 242 0.240709
2014-11-28 23:31:30.500 13419 INFO neutron.wsgi [-] (13419) accepted ('10.0.1.111', 35639)
2014-11-28 23:31:30.509 13419 INFO urllib3.connectionpool [-] Starting new HTTP connection (1): 10.0.1.111
2014-11-28 23:31:30.518 13419 INFO keystonemiddleware.auth_token [-] Auth Token confirmed use of v3.0 apis
2014-11-28 23:31:30.750 13419 INFO neutron.wsgi [req-fa43fe72-a775-4106-834e-9ff051f64481 None] 10.0.1.111 - - [28/Nov/2014 23:31:30] "GET //v2.0/fw/firewalls.json HTTP/1.1" 404 242 0.249439
2014-11-28 23:31:30.999 13420 INFO neutron.wsgi [-] (13420) accepted ('10.0.1.111', 35649)
2014-11-28 23:31:31.062 13420 INFO neutron.wsgi [req-b511687d-5892-4bb3-9d68-3a2ac914a8dc None] 10.0.1.111 - - [28/Nov/2014 23:31:31] "GET //v2.0/lb/members.json HTTP/1.1" 404 242 0.061854
2014-11-28 23:31:31.138 13419 INFO neutron.wsgi [-] (13419) accepted ('10.0.1.111', 35651)
2014-11-28 23:31:31.185 13419 INFO neutron.wsgi [req-d5096162-c158-46da-a369-4675e7847f44 None] 10.0.1.111 - - [28/Nov/2014 23:31:31] "GET //v2.0/fw/firewall_policies.json HTTP/1.1" 404 242 0.045845
2014-11-28 23:31:31.212 13420 INFO neutron.wsgi [-] (13420) accepted ('10.0.1.111', 35653)
2014-11-28 23:31:31.325 13420 INFO neutron.wsgi [req-ac8ff2d6-5bd1-4bdf-ae9b-9cb070cdf105 None] 10.0.1.111 - - [28/Nov/2014 23:31:31] "GET /v2.0/floatingips.json?tenant_id=89820cf2cb0e408e82af2a651c0d6090 HTTP/1.1" 200 208 0.112541
2014-11-28 23:31:31.328 13419 INFO neutron.wsgi [-] (13419) accepted ('10.0.1.111', 35655)
2014-11-28 23:31:31.421 13419 INFO neutron.wsgi [req-45857ef7-1ab3-4e0d-b1a2-4075dab1a767 None] 10.0.1.111 - - [28/Nov/2014 23:31:31] "GET /v2.0/networks.json?router%3Aexternal=True HTTP/1.1" 200 205 0.092121
2014-11-28 23:31:31.423 13419 INFO neutron.wsgi [-] (13419) accepted ('10.0.1.111', 35657)
2014-11-28 23:31:31.441 13419 INFO neutron.wsgi [req-92f09ec8-745c-4d91-94bc-4678df10d8b8 None] 10.0.1.111 - - [28/Nov/2014 23:31:31] "GET /v2.0/ports.json?tenant_id=89820cf2cb0e408e82af2a651c0d6090 HTTP/1.1" 200 202 0.017320
2014-11-28 23:31:31.512 13420 INFO neutron.wsgi [-] (13420) accepted ('10.0.1.111', 35659)
2014-11-28 23:31:31.556 13420 INFO neutron.wsgi [req-1639b67a-42a2-4fff-8448-351f8fd3dadc None] 10.0.1.111 - - [28/Nov/2014 23:31:31] "GET //v2.0/lb/vips.json HTTP/1.1" 404 242 0.043738
2014-11-28 23:31:31.632 13419 INFO neutron.wsgi [-] (13419) accepted ('10.0.1.111', 35661)
2014-11-28 23:31:31.693 13419 INFO neutron.wsgi [req-0fe88317-a321-4529-9165-17e2a5db70b5 None] 10.0.1.111 - - [28/Nov/2014 23:31:31] "GET //v2.0/lb/health_monitors.json HTTP/1.1" 404 242 0.060400
2014-11-28 23:31:31.785 13419 INFO neutron.wsgi [-] (13419) accepted ('10.0.1.111', 35663)
2014-11-28 23:31:31.833 13419 INFO neutron.wsgi [req-5f5f5749-88f7-4c17-b6d5-b833c1109b69 None] 10.0.1.111 - - [28/Nov/2014 23:31:31] "GET //v2.0/vpn/ipsec-site-connections.json HTTP/1.1" 404 242 0.047304
2014-11-28 23:31:31.918 13419 INFO neutron.wsgi [-] (13419) accepted ('10.0.1.111', 35665)
2014-11-28 23:31:31.963 13419 INFO neutron.wsgi [req-9e707090-6f93-4e5c-afe2-8a0197a7a34d None] 10.0.1.111 - - [28/Nov/2014 23:31:31] "GET //v2.0/vpn/vpnservices.json HTTP/1.1" 404 242 0.045128
2014-11-28 23:33:50.675 13406 INFO neutron.openstack.common.service [-] Caught SIGTERM, stopping children
2014-11-28 23:33:50.676 13406 INFO neutron.openstack.common.service [-] Waiting on 2 children to exit
2014-11-28 23:33:50.685 13421 INFO neutron.openstack.common.service [-] Child caught SIGTERM, exiting
2014-11-28 23:33:50.686 13421 ERROR neutron.service [-] Unrecoverable error: please check log for details.
2014-11-28 23:33:50.686 13421 TRACE neutron.service Traceback (most recent call last):
2014-11-28 23:33:50.686 13421 TRACE neutron.service   File "/usr/lib/python2.7/site-packages/neutron/service.py", line 159, in serve_rpc
2014-11-28 23:33:50.686 13421 TRACE neutron.service     launcher.launch_service(rpc, workers=cfg.CONF.rpc_workers)
2014-11-28 23:33:50.686 13421 TRACE neutron.service   File "/usr/lib/python2.7/site-packages/neutron/openstack/common/service.py", line 341, in launch_service
2014-11-28 23:33:50.686 13421 TRACE neutron.service     self._start_child(wrap)
2014-11-28 23:33:50.686 13421 TRACE neutron.service   File "/usr/lib/python2.7/site-packages/neutron/openstack/common/service.py", line 322, in _start_child
2014-11-28 23:33:50.686 13421 TRACE neutron.service     status, signo = self._child_wait_for_exit_or_signal(launcher)
2014-11-28 23:33:50.686 13421 TRACE neutron.service   File "/usr/lib/python2.7/site-packages/neutron/openstack/common/service.py", line 280, in _child_wait_for_exit_or_signal
2014-11-28 23:33:50.686 13421 TRACE neutron.service     launcher.stop()
2014-11-28 23:33:50.686 13421 TRACE neutron.service   File "/usr/lib/python2.7/site-packages/neutron/openstack/common/service.py", line 128, in stop
2014-11-28 23:33:50.686 13421 TRACE neutron.service     self.services.stop()
2014-11-28 23:33:50.686 13421 TRACE neutron.service   File "/usr/lib/python2.7/site-packages/neutron/openstack/common/service.py", line 470, in stop
2014-11-28 23:33:50.686 13421 TRACE neutron.service     service.stop()
2014-11-28 23:33:50.686 13421 TRACE neutron.service   File "/usr/lib/python2.7/site-packages/neutron/service.py", line 132, in stop
2014-11-28 23:33:50.686 13421 TRACE neutron.service     server.kill()
2014-11-28 23:33:50.686 13421 TRACE neutron.service AttributeError: 'MessageHandlingServer' object has no attribute 'kill'
2014-11-28 23:33:50.686 13421 TRACE neutron.service 
2014-11-28 23:33:50.687 13421 CRITICAL neutron [-] AttributeError: 'MessageHandlingServer' object has no attribute 'kill'
2014-11-28 23:33:50.687 13421 TRACE neutron Traceback (most recent call last):
2014-11-28 23:33:50.687 13421 TRACE neutron   File "/usr/bin/neutron-server", line 10, in <module>
2014-11-28 23:33:50.687 13421 TRACE neutron     sys.exit(main())
2014-11-28 23:33:50.687 13421 TRACE neutron   File "/usr/lib/python2.7/site-packages/neutron/server/__init__.py", line 51, in main
2014-11-28 23:33:50.687 13421 TRACE neutron     neutron_rpc = service.serve_rpc()
2014-11-28 23:33:50.687 13421 TRACE neutron   File "/usr/lib/python2.7/site-packages/neutron/service.py", line 163, in serve_rpc
2014-11-28 23:33:50.687 13421 TRACE neutron     LOG.exception(_('Unrecoverable error: please check log '
2014-11-28 23:33:50.687 13421 TRACE neutron   File "/usr/lib/python2.7/site-packages/neutron/openstack/common/excutils.py", line 82, in __exit__
2014-11-28 23:33:50.687 13421 TRACE neutron     six.reraise(self.type_, self.value, self.tb)
2014-11-28 23:33:50.687 13421 TRACE neutron   File "/usr/lib/python2.7/site-packages/neutron/service.py", line 159, in serve_rpc
2014-11-28 23:33:50.687 13421 TRACE neutron     launcher.launch_service(rpc, workers=cfg.CONF.rpc_workers)
2014-11-28 23:33:50.687 13421 TRACE neutron   File "/usr/lib/python2.7/site-packages/neutron/openstack/common/service.py", line 341, in launch_service
2014-11-28 23:33:50.687 13421 TRACE neutron     self._start_child(wrap)
2014-11-28 23:33:50.687 13421 TRACE neutron   File "/usr/lib/python2.7/site-packages/neutron/openstack/common/service.py", line 322, in _start_child
2014-11-28 23:33:50.687 13421 TRACE neutron     status, signo = self._child_wait_for_exit_or_signal(launcher)
2014-11-28 23:33:50.687 13421 TRACE neutron   File "/usr/lib/python2.7/site-packages/neutron/openstack/common/service.py", line 280, in _child_wait_for_exit_or_signal
2014-11-28 23:33:50.687 13421 TRACE neutron     launcher.stop()
2014-11-28 23:33:50.687 13421 TRACE neutron   File "/usr/lib/python2.7/site-packages/neutron/openstack/common/service.py", line 128, in stop
2014-11-28 23:33:50.687 13421 TRACE neutron     self.services.stop()
2014-11-28 23:33:50.687 13421 TRACE neutron   File "/usr/lib/python2.7/site-packages/neutron/openstack/common/service.py", line 470, in stop
2014-11-28 23:33:50.687 13421 TRACE neutron     service.stop()
2014-11-28 23:33:50.687 13421 TRACE neutron   File "/usr/lib/python2.7/site-packages/neutron/service.py", line 132, in stop
2014-11-28 23:33:50.687 13421 TRACE neutron     server.kill()
2014-11-28 23:33:50.687 13421 TRACE neutron AttributeError: 'MessageHandlingServer' object has no attribute 'kill'
2014-11-28 23:33:50.687 13421 TRACE neutron 
2014-11-28 23:33:50.696 13422 INFO neutron.openstack.common.service [-] Child caught SIGTERM, exiting
2014-11-28 23:33:50.697 13422 ERROR neutron.service [-] Unrecoverable error: please check log for details.
2014-11-28 23:33:50.697 13422 TRACE neutron.service Traceback (most recent call last):
2014-11-28 23:33:50.697 13422 TRACE neutron.service   File "/usr/lib/python2.7/site-packages/neutron/service.py", line 159, in serve_rpc
2014-11-28 23:33:50.697 13422 TRACE neutron.service     launcher.launch_service(rpc, workers=cfg.CONF.rpc_workers)
2014-11-28 23:33:50.697 13422 TRACE neutron.service   File "/usr/lib/python2.7/site-packages/neutron/openstack/common/service.py", line 341, in launch_service
2014-11-28 23:33:50.697 13422 TRACE neutron.service     self._start_child(wrap)
2014-11-28 23:33:50.697 13422 TRACE neutron.service   File "/usr/lib/python2.7/site-packages/neutron/openstack/common/service.py", line 322, in _start_child
2014-11-28 23:33:50.697 13422 TRACE neutron.service     status, signo = self._child_wait_for_exit_or_signal(launcher)
2014-11-28 23:33:50.697 13422 TRACE neutron.service   File "/usr/lib/python2.7/site-packages/neutron/openstack/common/service.py", line 280, in _child_wait_for_exit_or_signal
2014-11-28 23:33:50.697 13422 TRACE neutron.service     launcher.stop()
2014-11-28 23:33:50.697 13422 TRACE neutron.service   File "/usr/lib/python2.7/site-packages/neutron/openstack/common/service.py", line 128, in stop
2014-11-28 23:33:50.697 13422 TRACE neutron.service     self.services.stop()
2014-11-28 23:33:50.697 13422 TRACE neutron.service   File "/usr/lib/python2.7/site-packages/neutron/openstack/common/service.py", line 470, in stop
2014-11-28 23:33:50.697 13422 TRACE neutron.service     service.stop()
2014-11-28 23:33:50.697 13422 TRACE neutron.service   File "/usr/lib/python2.7/site-packages/neutron/service.py", line 132, in stop
2014-11-28 23:33:50.697 13422 TRACE neutron.service     server.kill()
2014-11-28 23:33:50.697 13422 TRACE neutron.service AttributeError: 'MessageHandlingServer' object has no attribute 'kill'
2014-11-28 23:33:50.697 13422 TRACE neutron.service 
2014-11-28 23:33:50.698 13422 CRITICAL neutron [-] AttributeError: 'MessageHandlingServer' object has no attribute 'kill'
2014-11-28 23:33:50.698 13422 TRACE neutron Traceback (most recent call last):
2014-11-28 23:33:50.698 13422 TRACE neutron   File "/usr/bin/neutron-server", line 10, in <module>
2014-11-28 23:33:50.698 13422 TRACE neutron     sys.exit(main())
2014-11-28 23:33:50.698 13422 TRACE neutron   File "/usr/lib/python2.7/site-packages/neutron/server/__init__.py", line 51, in main
2014-11-28 23:33:50.698 13422 TRACE neutron     neutron_rpc = service.serve_rpc()
2014-11-28 23:33:50.698 13422 TRACE neutron   File "/usr/lib/python2.7/site-packages/neutron/service.py", line 163, in serve_rpc
2014-11-28 23:33:50.698 13422 TRACE neutron     LOG.exception(_('Unrecoverable error: please check log '
2014-11-28 23:33:50.698 13422 TRACE neutron   File "/usr/lib/python2.7/site-packages/neutron/openstack/common/excutils.py", line 82, in __exit__
2014-11-28 23:33:50.698 13422 TRACE neutron     six.reraise(self.type_, self.value, self.tb)
2014-11-28 23:33:50.698 13422 TRACE neutron   File "/usr/lib/python2.7/site-packages/neutron/service.py", line 159, in serve_rpc
2014-11-28 23:33:50.698 13422 TRACE neutron     launcher.launch_service(rpc, workers=cfg.CONF.rpc_workers)
2014-11-28 23:33:50.698 13422 TRACE neutron   File "/usr/lib/python2.7/site-packages/neutron/openstack/common/service.py", line 341, in launch_service
2014-11-28 23:33:50.698 13422 TRACE neutron     self._start_child(wrap)
2014-11-28 23:33:50.698 13422 TRACE neutron   File "/usr/lib/python2.7/site-packages/neutron/openstack/common/service.py", line 322, in _start_child
2014-11-28 23:33:50.698 13422 TRACE neutron     status, signo = self._child_wait_for_exit_or_signal(launcher)
2014-11-28 23:33:50.698 13422 TRACE neutron   File "/usr/lib/python2.7/site-packages/neutron/openstack/common/service.py", line 280, in _child_wait_for_exit_or_signal
2014-11-28 23:33:50.698 13422 TRACE neutron     launcher.stop()
2014-11-28 23:33:50.698 13422 TRACE neutron   File "/usr/lib/python2.7/site-packages/neutron/openstack/common/service.py", line 128, in stop
2014-11-28 23:33:50.698 13422 TRACE neutron     self.services.stop()
2014-11-28 23:33:50.698 13422 TRACE neutron   File "/usr/lib/python2.7/site-packages/neutron/openstack/common/service.py", line 470, in stop
2014-11-28 23:33:50.698 13422 TRACE neutron     service.stop()
2014-11-28 23:33:50.698 13422 TRACE neutron   File "/usr/lib/python2.7/site-packages/neutron/service.py", line 132, in stop
2014-11-28 23:33:50.698 13422 TRACE neutron     server.kill()
2014-11-28 23:33:50.698 13422 TRACE neutron AttributeError: 'MessageHandlingServer' object has no attribute 'kill'
2014-11-28 23:33:50.698 13422 TRACE neutron 
2014-11-28 23:33:51.005 13406 INFO neutron.openstack.common.service [-] Child 13421 exited with status 1
2014-11-28 23:33:51.028 13406 INFO neutron.openstack.common.service [-] Child 13422 exited with status 1
2014-11-28 23:33:51.028 13406 INFO neutron.openstack.common.service [-] Wait called after thread killed.  Cleaning up.
2014-11-28 23:33:51.028 13406 INFO neutron.openstack.common.service [-] Waiting on 2 children to exit
2014-11-28 23:33:51.038 13419 INFO neutron.openstack.common.service [-] Child caught SIGTERM, exiting
2014-11-28 23:33:51.042 13420 INFO neutron.openstack.common.service [-] Child caught SIGTERM, exiting
2014-11-28 23:33:51.046 13406 INFO neutron.openstack.common.service [-] Child 13419 exited with status 1
2014-11-28 23:33:51.046 13406 INFO neutron.openstack.common.service [-] Child 13420 exited with status 1
2014-11-28 23:33:51.046 13406 ERROR oslo.messaging._drivers.impl_rabbit [-] Failed to consume message from queue: Socket closed
2014-11-28 23:33:51.046 13406 TRACE oslo.messaging._drivers.impl_rabbit Traceback (most recent call last):
2014-11-28 23:33:51.046 13406 TRACE oslo.messaging._drivers.impl_rabbit   File "/usr/lib/python2.7/site-packages/oslo/messaging/_drivers/impl_rabbit.py", line 655, in ensure
2014-11-28 23:33:51.046 13406 TRACE oslo.messaging._drivers.impl_rabbit     return method()
2014-11-28 23:33:51.046 13406 TRACE oslo.messaging._drivers.impl_rabbit   File "/usr/lib/python2.7/site-packages/oslo/messaging/_drivers/impl_rabbit.py", line 735, in _consume
2014-11-28 23:33:51.046 13406 TRACE oslo.messaging._drivers.impl_rabbit     return self.connection.drain_events(timeout=timeout)
2014-11-28 23:33:51.046 13406 TRACE oslo.messaging._drivers.impl_rabbit   File "/usr/lib/python2.7/site-packages/kombu/connection.py", line 281, in drain_events
2014-11-28 23:33:51.046 13406 TRACE oslo.messaging._drivers.impl_rabbit     return self.transport.drain_events(self.connection, **kwargs)
2014-11-28 23:33:51.046 13406 TRACE oslo.messaging._drivers.impl_rabbit   File "/usr/lib/python2.7/site-packages/kombu/transport/pyamqp.py", line 94, in drain_events
2014-11-28 23:33:51.046 13406 TRACE oslo.messaging._drivers.impl_rabbit     return connection.drain_events(**kwargs)
2014-11-28 23:33:51.046 13406 TRACE oslo.messaging._drivers.impl_rabbit   File "/usr/lib/python2.7/site-packages/amqp/connection.py", line 299, in drain_events
2014-11-28 23:33:51.046 13406 TRACE oslo.messaging._drivers.impl_rabbit     chanmap, None, timeout=timeout,
2014-11-28 23:33:51.046 13406 TRACE oslo.messaging._drivers.impl_rabbit   File "/usr/lib/python2.7/site-packages/amqp/connection.py", line 362, in _wait_multiple
2014-11-28 23:33:51.046 13406 TRACE oslo.messaging._drivers.impl_rabbit     channel, method_sig, args, content = read_timeout(timeout)
2014-11-28 23:33:51.046 13406 TRACE oslo.messaging._drivers.impl_rabbit   File "/usr/lib/python2.7/site-packages/amqp/connection.py", line 326, in read_timeout
2014-11-28 23:33:51.046 13406 TRACE oslo.messaging._drivers.impl_rabbit     return self.method_reader.read_method()
2014-11-28 23:33:51.046 13406 TRACE oslo.messaging._drivers.impl_rabbit   File "/usr/lib/python2.7/site-packages/amqp/method_framing.py", line 189, in read_method
2014-11-28 23:33:51.046 13406 TRACE oslo.messaging._drivers.impl_rabbit     raise m
2014-11-28 23:33:51.046 13406 TRACE oslo.messaging._drivers.impl_rabbit IOError: Socket closed
2014-11-28 23:33:51.046 13406 TRACE oslo.messaging._drivers.impl_rabbit 
2014-11-28 23:33:51.048 13406 INFO oslo.messaging._drivers.impl_rabbit [-] Delaying reconnect for 1.0 seconds...
2014-11-28 23:33:51.048 13406 ERROR oslo.messaging._drivers.impl_rabbit [-] Failed to consume message from queue: Socket closed
2014-11-28 23:33:51.048 13406 TRACE oslo.messaging._drivers.impl_rabbit Traceback (most recent call last):
2014-11-28 23:33:51.048 13406 TRACE oslo.messaging._drivers.impl_rabbit   File "/usr/lib/python2.7/site-packages/oslo/messaging/_drivers/impl_rabbit.py", line 655, in ensure
2014-11-28 23:33:51.048 13406 TRACE oslo.messaging._drivers.impl_rabbit     return method()
2014-11-28 23:33:51.048 13406 TRACE oslo.messaging._drivers.impl_rabbit   File "/usr/lib/python2.7/site-packages/oslo/messaging/_drivers/impl_rabbit.py", line 735, in _consume
2014-11-28 23:33:51.048 13406 TRACE oslo.messaging._drivers.impl_rabbit     return self.connection.drain_events(timeout=timeout)
2014-11-28 23:33:51.048 13406 TRACE oslo.messaging._drivers.impl_rabbit   File "/usr/lib/python2.7/site-packages/kombu/connection.py", line 281, in drain_events
2014-11-28 23:33:51.048 13406 TRACE oslo.messaging._drivers.impl_rabbit     return self.transport.drain_events(self.connection, **kwargs)
2014-11-28 23:33:51.048 13406 TRACE oslo.messaging._drivers.impl_rabbit   File "/usr/lib/python2.7/site-packages/kombu/transport/pyamqp.py", line 94, in drain_events
2014-11-28 23:33:51.048 13406 TRACE oslo.messaging._drivers.impl_rabbit     return connection.drain_events(**kwargs)
2014-11-28 23:33:51.048 13406 TRACE oslo.messaging._drivers.impl_rabbit   File "/usr/lib/python2.7/site-packages/amqp/connection.py", line 299, in drain_events
2014-11-28 23:33:51.048 13406 TRACE oslo.messaging._drivers.impl_rabbit     chanmap, None, timeout=timeout,
2014-11-28 23:33:51.048 13406 TRACE oslo.messaging._drivers.impl_rabbit   File "/usr/lib/python2.7/site-packages/amqp/connection.py", line 362, in _wait_multiple
2014-11-28 23:33:51.048 13406 TRACE oslo.messaging._drivers.impl_rabbit     channel, method_sig, args, content = read_timeout(timeout)
2014-11-28 23:33:51.048 13406 TRACE oslo.messaging._drivers.impl_rabbit   File "/usr/lib/python2.7/site-packages/amqp/connection.py", line 326, in read_timeout
2014-11-28 23:33:51.048 13406 TRACE oslo.messaging._drivers.impl_rabbit     return self.method_reader.read_method()
2014-11-28 23:33:51.048 13406 TRACE oslo.messaging._drivers.impl_rabbit   File "/usr/lib/python2.7/site-packages/amqp/method_framing.py", line 189, in read_method
2014-11-28 23:33:51.048 13406 TRACE oslo.messaging._drivers.impl_rabbit     raise m
2014-11-28 23:33:51.048 13406 TRACE oslo.messaging._drivers.impl_rabbit IOError: Socket closed
2014-11-28 23:33:51.048 13406 TRACE oslo.messaging._drivers.impl_rabbit 
2014-11-28 23:33:51.048 13406 INFO oslo.messaging._drivers.impl_rabbit [-] Delaying reconnect for 1.0 seconds...
2014-11-28 23:38:09.458 1039 INFO neutron.common.config [-] Logging enabled!
2014-11-28 23:38:09.471 1039 INFO neutron.common.config [-] Config paste file: /usr/share/neutron/api-paste.ini
2014-11-28 23:38:10.588 1039 INFO neutron.manager [-] Loading core plugin: neutron.plugins.ml2.plugin.Ml2Plugin
2014-11-28 23:38:11.851 1039 INFO neutron.plugins.ml2.managers [-] Configured type driver names: ['vlan']
2014-11-28 23:38:11.857 1039 INFO neutron.plugins.ml2.drivers.type_vlan [-] Network VLAN ranges: {'physnet-tenant': [(2000, 2999)]}
2014-11-28 23:38:11.857 1039 INFO neutron.plugins.ml2.managers [-] Loaded type driver names: ['vlan']
2014-11-28 23:38:11.857 1039 INFO neutron.plugins.ml2.managers [-] Registered types: ['vlan']
2014-11-28 23:38:11.858 1039 INFO neutron.plugins.ml2.managers [-] Tenant network_types: ['vlan']
2014-11-28 23:38:11.858 1039 INFO neutron.plugins.ml2.managers [-] Configured extension driver names: []
2014-11-28 23:38:11.859 1039 INFO neutron.plugins.ml2.managers [-] Loaded extension driver names: []
2014-11-28 23:38:11.859 1039 INFO neutron.plugins.ml2.managers [-] Registered extension drivers: []
2014-11-28 23:38:11.859 1039 INFO neutron.plugins.ml2.managers [-] Configured mechanism driver names: ['openvswitch']
2014-11-28 23:38:11.918 1039 INFO neutron.plugins.ml2.managers [-] Loaded mechanism driver names: ['openvswitch']
2014-11-28 23:38:11.918 1039 INFO neutron.plugins.ml2.managers [-] Registered mechanism drivers: ['openvswitch']
2014-11-28 23:38:12.110 1039 INFO neutron.plugins.ml2.managers [-] Initializing driver for type 'vlan'
2014-11-28 23:38:12.189 1039 WARNING oslo.db.sqlalchemy.session [-] SQL connection failed. 10 attempts left.
2014-11-28 23:38:22.352 1039 INFO neutron.plugins.ml2.drivers.type_vlan [-] VlanTypeDriver initialization complete
2014-11-28 23:38:22.353 1039 INFO neutron.plugins.ml2.managers [-] Initializing mechanism driver 'openvswitch'
2014-11-28 23:38:22.358 1039 INFO neutron.plugins.ml2.plugin [-] Modular L2 Plugin initialization complete
2014-11-28 23:38:22.359 1039 WARNING neutron.agent.securitygroups_rpc [-] Driver configuration doesn't match with enable_security_group
2014-11-28 23:38:22.360 1039 INFO neutron.manager [-] Loading Plugin: neutron.services.l3_router.l3_router_plugin.L3RouterPlugin
2014-11-28 23:38:22.410 1039 INFO oslo.messaging._drivers.impl_rabbit [-] Connecting to AMQP server on 10.0.1.111:5672
2014-11-28 23:38:22.427 1039 INFO oslo.messaging._drivers.impl_rabbit [-] Connected to AMQP server on 10.0.1.111:5672
2014-11-28 23:38:22.436 1039 INFO neutron.db.l3_agentschedulers_db [-] Skipping period L3 agent status check because automatic router rescheduling is disabled.
2014-11-28 23:38:22.437 1039 INFO neutron.manager [-] Loading Plugin: neutron.services.metering.metering_plugin.MeteringPlugin
2014-11-28 23:38:22.455 1039 INFO oslo.messaging._drivers.impl_rabbit [-] Connecting to AMQP server on 10.0.1.111:5672
2014-11-28 23:38:22.466 1039 INFO oslo.messaging._drivers.impl_rabbit [-] Connected to AMQP server on 10.0.1.111:5672
2014-11-28 23:38:22.474 1039 INFO neutron.api.extensions [-] Initializing extension manager.
2014-11-28 23:38:22.476 1039 INFO neutron.api.extensions [-] Loaded extension: agent
2014-11-28 23:38:22.478 1039 INFO neutron.api.extensions [-] Loaded extension: allowed-address-pairs
2014-11-28 23:38:22.480 1039 INFO neutron.api.extensions [-] Loaded extension: dhcp_agent_scheduler
2014-11-28 23:38:22.482 1039 INFO neutron.api.extensions [-] Loaded extension: dvr
2014-11-28 23:38:22.484 1039 INFO neutron.api.extensions [-] Loaded extension: external-net
2014-11-28 23:38:22.485 1039 INFO neutron.api.extensions [-] Loaded extension: extra_dhcp_opt
2014-11-28 23:38:22.486 1039 INFO neutron.api.extensions [-] Loaded extension: extraroute
2014-11-28 23:38:22.491 1039 WARNING neutron.api.extensions [-] Extension fwaas not supported by any of loaded plugins
2014-11-28 23:38:22.492 1039 WARNING neutron.api.extensions [-] Extension flavor not supported by any of loaded plugins
2014-11-28 23:38:22.495 1039 INFO neutron.api.extensions [-] Loaded extension: router
2014-11-28 23:38:22.497 1039 INFO neutron.api.extensions [-] Loaded extension: ext-gw-mode
2014-11-28 23:38:22.498 1039 INFO neutron.api.extensions [-] Loaded extension: l3-ha
2014-11-28 23:38:22.500 1039 INFO neutron.api.extensions [-] Loaded extension: l3_agent_scheduler
2014-11-28 23:38:22.505 1039 WARNING neutron.api.extensions [-] Extension lbaas_agent_scheduler not supported by any of loaded plugins
2014-11-28 23:38:22.509 1039 WARNING neutron.api.extensions [-] Extension lbaas not supported by any of loaded plugins
2014-11-28 23:38:22.511 1039 INFO neutron.api.extensions [-] Loaded extension: metering
2014-11-28 23:38:22.512 1039 INFO neutron.api.extensions [-] Loaded extension: multi-provider
2014-11-28 23:38:22.514 1039 INFO neutron.api.extensions [-] Loaded extension: binding
2014-11-28 23:38:22.517 1039 WARNING neutron.api.extensions [-] Extension port-security not supported by any of loaded plugins
2014-11-28 23:38:22.519 1039 INFO neutron.api.extensions [-] Loaded extension: provider
2014-11-28 23:38:22.523 1039 INFO neutron.api.extensions [-] Loaded extension: quotas
2014-11-28 23:38:22.526 1039 WARNING neutron.api.extensions [-] Extension routed-service-insertion not supported by any of loaded plugins
2014-11-28 23:38:22.528 1039 WARNING neutron.api.extensions [-] Extension router-service-type not supported by any of loaded plugins
2014-11-28 23:38:22.535 1039 INFO neutron.api.extensions [-] Loaded extension: security-group
2014-11-28 23:38:22.537 1039 WARNING neutron.api.extensions [-] Extension service-type not supported by any of loaded plugins
2014-11-28 23:38:22.543 1039 WARNING neutron.api.extensions [-] Extension vpnaas not supported by any of loaded plugins
2014-11-28 23:38:22.544 1039 INFO neutron.api.extensions [-] Extension 'agent' provides no backward compatibility map for extended attributes
2014-11-28 23:38:22.545 1039 INFO neutron.api.extensions [-] Extension 'Allowed Address Pairs' provides no backward compatibility map for extended attributes
2014-11-28 23:38:22.545 1039 INFO neutron.api.extensions [-] Extension 'Distributed Virtual Router' provides no backward compatibility map for extended attributes
2014-11-28 23:38:22.545 1039 INFO neutron.api.extensions [-] Extension 'Neutron Extra Route' provides no backward compatibility map for extended attributes
2014-11-28 23:38:22.573 1039 INFO keystonemiddleware.auth_token [-] Starting keystone auth_token middleware
2014-11-28 23:38:22.574 1039 WARNING keystonemiddleware.auth_token [-] Configuring admin URI using auth fragments. This is deprecated, use 'identity_uri' instead.
2014-11-28 23:38:22.577 1039 INFO keystonemiddleware.auth_token [-] Using /tmp/keystone-signing-vLCzq7 as cache directory for signing certificate
2014-11-28 23:38:22.581 1039 INFO neutron.openstack.common.service [-] Starting 2 workers
2014-11-28 23:38:22.583 1039 INFO neutron.openstack.common.service [-] Started child 3597
2014-11-28 23:38:22.587 3597 INFO neutron.wsgi [-] (3597) wsgi starting up on http://0.0.0.0:9696/
2014-11-28 23:38:22.589 1039 INFO neutron.openstack.common.service [-] Started child 3598
2014-11-28 23:38:22.592 3598 INFO neutron.wsgi [-] (3598) wsgi starting up on http://0.0.0.0:9696/
2014-11-28 23:38:22.602 1039 INFO neutron.service [-] Neutron service started, listening on 0.0.0.0:9696
2014-11-28 23:38:22.603 1039 INFO neutron.openstack.common.service [-] Starting 2 workers
2014-11-28 23:38:22.605 1039 INFO neutron.openstack.common.service [-] Started child 3599
2014-11-28 23:38:22.608 3599 INFO oslo.messaging._drivers.impl_rabbit [-] Connecting to AMQP server on 10.0.1.111:5672
2014-11-28 23:38:22.609 1039 INFO neutron.openstack.common.service [-] Started child 3600
2014-11-28 23:38:22.631 3600 INFO oslo.messaging._drivers.impl_rabbit [-] Connecting to AMQP server on 10.0.1.111:5672
2014-11-28 23:38:22.634 3599 INFO oslo.messaging._drivers.impl_rabbit [-] Connected to AMQP server on 10.0.1.111:5672
2014-11-28 23:38:22.652 3600 INFO oslo.messaging._drivers.impl_rabbit [-] Connected to AMQP server on 10.0.1.111:5672
2014-11-28 23:38:23.195 1039 INFO oslo.messaging._drivers.impl_rabbit [-] Connecting to AMQP server on 10.0.1.111:5672
2014-11-28 23:38:23.205 1039 INFO oslo.messaging._drivers.impl_rabbit [-] Connected to AMQP server on 10.0.1.111:5672
2014-11-28 23:38:23.447 3599 INFO oslo.messaging._drivers.impl_rabbit [-] Connecting to AMQP server on 10.0.1.111:5672
2014-11-28 23:38:23.457 3599 INFO oslo.messaging._drivers.impl_rabbit [-] Connected to AMQP server on 10.0.1.111:5672
2014-11-28 23:38:23.702 3600 INFO oslo.messaging._drivers.impl_rabbit [-] Connecting to AMQP server on 10.0.1.111:5672
2014-11-28 23:38:23.713 3600 INFO oslo.messaging._drivers.impl_rabbit [-] Connected to AMQP server on 10.0.1.111:5672
