# ************************************
# Vhost template in module puppetlabs-apache
# Managed by Puppet
# ************************************

<VirtualHost *:5000>
  ServerName osp7ps-controller01.test.local

  ## Vhost docroot
  DocumentRoot "/var/www/cgi-bin/keystone"

  ## Directories, there should at least be a declaration for /var/www/cgi-bin/keystone

  <Directory "/var/www/cgi-bin/keystone">
    Options Indexes FollowSymLinks MultiViews
    AllowOverride None
    Require all granted
  </Directory>

  ## Logging
  ErrorLog "/var/log/httpd/keystone_wsgi_main_error.log"
  ServerSignature Off
  CustomLog "/var/log/httpd/keystone_wsgi_main_access.log" combined 
  WSGIApplicationGroup %{GLOBAL}
  WSGIDaemonProcess keystone_main display-name=keystone-main group=keystone processes=1 threads=2 user=keystone
  WSGIProcessGroup keystone_main
  WSGIScriptAlias / "/var/www/cgi-bin/keystone/main"
  WSGIPassAuthorization On
</VirtualHost>
