2014-11-28 23:21:41.522 10071 INFO migrate.versioning.api [-] 0 -> 1... 
2014-11-28 23:21:41.525 10071 INFO glance.db.sqlalchemy.migrate_repo.schema [-] creating table images
2014-11-28 23:21:41.601 10071 INFO migrate.versioning.api [-] done
2014-11-28 23:21:41.601 10071 INFO migrate.versioning.api [-] 1 -> 2... 
2014-11-28 23:21:41.605 10071 INFO glance.db.sqlalchemy.migrate_repo.schema [-] creating table image_properties
2014-11-28 23:21:41.689 10071 INFO migrate.versioning.api [-] done
2014-11-28 23:21:41.690 10071 INFO migrate.versioning.api [-] 2 -> 3... 
2014-11-28 23:21:41.740 10071 INFO migrate.versioning.api [-] done
2014-11-28 23:21:41.741 10071 INFO migrate.versioning.api [-] 3 -> 4... 
2014-11-28 23:21:41.762 10071 INFO migrate.versioning.api [-] done
2014-11-28 23:21:41.763 10071 INFO migrate.versioning.api [-] 4 -> 5... 
2014-11-28 23:21:41.784 10071 INFO migrate.versioning.api [-] done
2014-11-28 23:21:41.784 10071 INFO migrate.versioning.api [-] 5 -> 6... 
2014-11-28 23:21:41.846 10071 INFO migrate.versioning.api [-] done
2014-11-28 23:21:41.846 10071 INFO migrate.versioning.api [-] 6 -> 7... 
2014-11-28 23:21:41.868 10071 INFO migrate.versioning.api [-] done
2014-11-28 23:21:41.868 10071 INFO migrate.versioning.api [-] 7 -> 8... 
2014-11-28 23:21:41.875 10071 INFO glance.db.sqlalchemy.migrate_repo.schema [-] creating table image_members
2014-11-28 23:21:41.968 10071 INFO migrate.versioning.api [-] done
2014-11-28 23:21:41.968 10071 INFO migrate.versioning.api [-] 8 -> 9... 
2014-11-28 23:21:42.008 10071 INFO migrate.versioning.api [-] done
2014-11-28 23:21:42.008 10071 INFO migrate.versioning.api [-] 9 -> 10... 
2014-11-28 23:21:42.019 10071 INFO migrate.versioning.api [-] done
2014-11-28 23:21:42.020 10071 INFO migrate.versioning.api [-] 10 -> 11... 
2014-11-28 23:21:42.049 10071 INFO migrate.versioning.api [-] done
2014-11-28 23:21:42.049 10071 INFO migrate.versioning.api [-] 11 -> 12... 
2014-11-28 23:21:42.140 10071 INFO migrate.versioning.api [-] done
2014-11-28 23:21:42.140 10071 INFO migrate.versioning.api [-] 12 -> 13... 
2014-11-28 23:21:42.163 10071 INFO migrate.versioning.api [-] done
2014-11-28 23:21:42.163 10071 INFO migrate.versioning.api [-] 13 -> 14... 
2014-11-28 23:21:42.169 10071 INFO glance.db.sqlalchemy.migrate_repo.schema [-] creating table image_tags
2014-11-28 23:21:42.222 10071 INFO migrate.versioning.api [-] done
2014-11-28 23:21:42.223 10071 INFO migrate.versioning.api [-] 14 -> 15... 
2014-11-28 23:21:42.237 10071 INFO migrate.versioning.api [-] done
2014-11-28 23:21:42.238 10071 INFO migrate.versioning.api [-] 15 -> 16... 
2014-11-28 23:21:42.266 10071 INFO migrate.versioning.api [-] done
2014-11-28 23:21:42.266 10071 INFO migrate.versioning.api [-] 16 -> 17... 
2014-11-28 23:21:42.323 10071 INFO 017_quote_encrypted_swift_credentials [-] 'metadata_encryption_key' was not specified in the config file or a config file was not specified. This means that this migration is a NOOP.
2014-11-28 23:21:42.328 10071 INFO migrate.versioning.api [-] done
2014-11-28 23:21:42.328 10071 INFO migrate.versioning.api [-] 17 -> 18... 
2014-11-28 23:21:42.335 10071 INFO glance.db.sqlalchemy.migrate_repo.schema [-] creating table image_locations
2014-11-28 23:21:42.380 10071 INFO migrate.versioning.api [-] done
2014-11-28 23:21:42.380 10071 INFO migrate.versioning.api [-] 18 -> 19... 
2014-11-28 23:21:42.392 10071 INFO migrate.versioning.api [-] done
2014-11-28 23:21:42.392 10071 INFO migrate.versioning.api [-] 19 -> 20... 
2014-11-28 23:21:42.408 10071 INFO migrate.versioning.api [-] done
2014-11-28 23:21:42.408 10071 INFO migrate.versioning.api [-] 20 -> 21... 
2014-11-28 23:21:42.414 10071 INFO migrate.versioning.api [-] done
2014-11-28 23:21:42.414 10071 INFO migrate.versioning.api [-] 21 -> 22... 
2014-11-28 23:21:42.443 10071 INFO migrate.versioning.api [-] done
2014-11-28 23:21:42.443 10071 INFO migrate.versioning.api [-] 22 -> 23... 
2014-11-28 23:21:42.448 10071 INFO migrate.versioning.api [-] done
2014-11-28 23:21:42.448 10071 INFO migrate.versioning.api [-] 23 -> 24... 
2014-11-28 23:21:42.453 10071 INFO migrate.versioning.api [-] done
2014-11-28 23:21:42.453 10071 INFO migrate.versioning.api [-] 24 -> 25... 
2014-11-28 23:21:42.459 10071 INFO migrate.versioning.api [-] done
2014-11-28 23:21:42.459 10071 INFO migrate.versioning.api [-] 25 -> 26... 
2014-11-28 23:21:42.482 10071 INFO migrate.versioning.api [-] done
2014-11-28 23:21:42.482 10071 INFO migrate.versioning.api [-] 26 -> 27... 
2014-11-28 23:21:42.507 10071 INFO migrate.versioning.api [-] done
2014-11-28 23:21:42.507 10071 INFO migrate.versioning.api [-] 27 -> 28... 
2014-11-28 23:21:42.544 10071 INFO migrate.versioning.api [-] done
2014-11-28 23:21:42.544 10071 INFO migrate.versioning.api [-] 28 -> 29... 
2014-11-28 23:21:42.588 10071 INFO migrate.versioning.api [-] done
2014-11-28 23:21:42.588 10071 INFO migrate.versioning.api [-] 29 -> 30... 
2014-11-28 23:21:42.591 10071 INFO glance.db.sqlalchemy.migrate_repo.schema [-] creating table tasks
2014-11-28 23:21:42.697 10071 INFO migrate.versioning.api [-] done
2014-11-28 23:21:42.697 10071 INFO migrate.versioning.api [-] 30 -> 31... 
2014-11-28 23:21:42.712 10071 INFO migrate.versioning.api [-] done
2014-11-28 23:21:42.712 10071 INFO migrate.versioning.api [-] 31 -> 32... 
2014-11-28 23:21:42.716 10071 INFO glance.db.sqlalchemy.migrate_repo.schema [-] creating table task_info
2014-11-28 23:21:42.782 10071 INFO migrate.versioning.api [-] done
2014-11-28 23:21:42.783 10071 INFO migrate.versioning.api [-] 32 -> 33... 
2014-11-28 23:21:42.823 10071 INFO migrate.versioning.api [-] done
2014-11-28 23:21:42.823 10071 INFO migrate.versioning.api [-] 33 -> 34... 
2014-11-28 23:21:42.857 10071 INFO migrate.versioning.api [-] done
2014-11-28 23:21:42.858 10071 INFO migrate.versioning.api [-] 34 -> 35... 
2014-11-28 23:21:42.863 10071 INFO glance.db.sqlalchemy.migrate_repo.schema [-] creating table metadef_namespaces
2014-11-28 23:21:42.901 10071 INFO glance.db.sqlalchemy.migrate_repo.schema [-] creating table metadef_objects
2014-11-28 23:21:42.967 10071 INFO glance.db.sqlalchemy.migrate_repo.schema [-] creating table metadef_properties
2014-11-28 23:21:42.992 10071 INFO glance.db.sqlalchemy.migrate_repo.schema [-] creating table metadef_resource_types
2014-11-28 23:21:43.024 10071 INFO glance.db.sqlalchemy.migrate_repo.schema [-] creating table metadef_namespace_resource_types
2014-11-28 23:21:43.073 10071 INFO migrate.versioning.api [-] done
2014-11-28 23:21:43.073 10071 INFO migrate.versioning.api [-] 35 -> 36... 
2014-11-28 23:21:43.118 10071 INFO migrate.versioning.api [-] done
2014-11-28 23:21:44.041 10132 INFO glance_store._drivers.filesystem [-] Directory to write image files does not exist (/var/lib/glance/images/). Creating.
2014-11-28 23:21:44.397 10132 INFO keystonemiddleware.auth_token [-] Starting keystone auth_token middleware
2014-11-28 23:21:44.397 10132 WARNING keystonemiddleware.auth_token [-] Configuring admin URI using auth fragments. This is deprecated, use 'identity_uri' instead.
2014-11-28 23:21:44.399 10132 INFO keystonemiddleware.auth_token [-] Using /tmp/keystone-signing-qlyGxh as cache directory for signing certificate
2014-11-28 23:21:44.400 10132 INFO glance.wsgi.server [-] Starting 2 workers
2014-11-28 23:21:44.404 10132 INFO glance.wsgi.server [-] Started child 10139
2014-11-28 23:21:44.404 10139 INFO glance.wsgi.server [-] (10139) wsgi starting up on http://0.0.0.0:9292/
2014-11-28 23:21:44.407 10132 INFO glance.wsgi.server [-] Started child 10140
2014-11-28 23:21:44.407 10140 INFO glance.wsgi.server [-] (10140) wsgi starting up on http://0.0.0.0:9292/
2014-11-28 23:31:29.284 10140 INFO urllib3.connectionpool [-] Starting new HTTP connection (1): 10.0.1.111
2014-11-28 23:31:29.299 10140 INFO keystonemiddleware.auth_token [-] Auth Token confirmed use of v3.0 apis
2014-11-28 23:31:29.851 10140 INFO glance.wsgi.server [c5ac8c07-543e-495a-a255-d43317730679 6f069d8d16444a9098d8ab83c6f9368b 89820cf2cb0e408e82af2a651c0d6090 - - -] 10.0.1.111 - - [28/Nov/2014 23:31:29] "GET /v1/images/detail?is_public=True&limit=20 HTTP/1.1" 200 203 0.585536
2014-11-28 23:31:29.888 10140 INFO glance.wsgi.server [c5ac8c07-543e-495a-a255-d43317730679 6f069d8d16444a9098d8ab83c6f9368b 89820cf2cb0e408e82af2a651c0d6090 - - -] 10.0.1.111 - - [28/Nov/2014 23:31:29] "GET /v1/images/detail?is_public=False&limit=20 HTTP/1.1" 200 203 0.031532
2014-11-28 23:33:50.439 10132 INFO glance.wsgi.server [-] Removing dead child 10139
2014-11-28 23:33:50.442 10132 INFO glance.wsgi.server [-] Started child 20400
2014-11-28 23:33:50.517 20400 INFO glance.wsgi.server [-] (20400) wsgi starting up on http://0.0.0.0:9292/
2014-11-28 23:33:50.518 20400 INFO glance.wsgi.server [-] Child 20400 exiting normally
2014-11-28 23:38:11.581 1024 INFO keystonemiddleware.auth_token [-] Starting keystone auth_token middleware
2014-11-28 23:38:11.599 1024 WARNING keystonemiddleware.auth_token [-] Configuring admin URI using auth fragments. This is deprecated, use 'identity_uri' instead.
2014-11-28 23:38:11.602 1024 INFO keystonemiddleware.auth_token [-] Using /tmp/keystone-signing-iZglxV as cache directory for signing certificate
2014-11-28 23:38:11.604 1024 INFO glance.wsgi.server [-] Starting 2 workers
2014-11-28 23:38:11.607 1024 INFO glance.wsgi.server [-] Started child 3347
2014-11-28 23:38:11.675 1024 INFO glance.wsgi.server [-] Started child 3352
2014-11-28 23:38:11.684 3347 INFO glance.wsgi.server [-] (3347) wsgi starting up on http://0.0.0.0:9292/
2014-11-28 23:38:11.714 3352 INFO glance.wsgi.server [-] (3352) wsgi starting up on http://0.0.0.0:9292/
