2014-11-28 23:25:45.997 6217 INFO nova.openstack.common.periodic_task [-] Skipping periodic task _periodic_update_dns because its interval is negative
2014-11-28 23:25:46.017 6217 INFO nova.virt.driver [-] Loading compute driver 'libvirt.LibvirtDriver'
2014-11-28 23:25:46.064 6217 INFO oslo.messaging._drivers.impl_rabbit [req-104e80e1-6fb7-4c41-b4a1-a08b6fcf83f9 ] Connecting to AMQP server on 10.0.1.111:5672
2014-11-28 23:25:46.081 6217 INFO oslo.messaging._drivers.impl_rabbit [req-104e80e1-6fb7-4c41-b4a1-a08b6fcf83f9 ] Connected to AMQP server on 10.0.1.111:5672
2014-11-28 23:25:46.085 6217 INFO oslo.messaging._drivers.impl_rabbit [req-104e80e1-6fb7-4c41-b4a1-a08b6fcf83f9 ] Connecting to AMQP server on 10.0.1.111:5672
2014-11-28 23:25:46.095 6217 INFO oslo.messaging._drivers.impl_rabbit [req-104e80e1-6fb7-4c41-b4a1-a08b6fcf83f9 ] Connected to AMQP server on 10.0.1.111:5672
2014-11-28 23:25:46.157 6217 AUDIT nova.service [-] Starting compute node (version 2014.2-2.el7.centos)
2014-11-28 23:25:46.314 6217 WARNING nova.virt.libvirt.driver [req-fe7ac8b7-1323-473d-be45-cfc2546f8c95 None] Cannot update service status on host: juno-compute1,since it is not registered.
2014-11-28 23:25:46.628 6217 AUDIT nova.compute.resource_tracker [-] Auditing locally available compute resources
2014-11-28 23:25:46.783 6217 AUDIT nova.compute.resource_tracker [-] Total physical ram (MB): 1841, total allocated virtual ram (MB): 512
2014-11-28 23:25:46.783 6217 AUDIT nova.compute.resource_tracker [-] Free disk (GB): 3
2014-11-28 23:25:46.784 6217 AUDIT nova.compute.resource_tracker [-] Total usable vcpus: 2, total allocated vcpus: 0
2014-11-28 23:25:46.784 6217 AUDIT nova.compute.resource_tracker [-] PCI stats: []
2014-11-28 23:25:46.845 6217 INFO nova.scheduler.client.report [-] Compute_service record updated for ('juno-compute1', 'juno-compute1')
2014-11-28 23:25:46.845 6217 INFO nova.compute.resource_tracker [-] Compute_service record created for juno-compute1:juno-compute1
2014-11-28 23:25:46.893 6217 INFO oslo.messaging._drivers.impl_rabbit [-] Connecting to AMQP server on 10.0.1.111:5672
2014-11-28 23:25:46.902 6217 INFO oslo.messaging._drivers.impl_rabbit [-] Connected to AMQP server on 10.0.1.111:5672
2014-11-28 23:26:45.927 6217 AUDIT nova.compute.resource_tracker [-] Auditing locally available compute resources
2014-11-28 23:26:46.175 6217 AUDIT nova.compute.resource_tracker [-] Total physical ram (MB): 1841, total allocated virtual ram (MB): 512
2014-11-28 23:26:46.175 6217 AUDIT nova.compute.resource_tracker [-] Free disk (GB): 3
2014-11-28 23:26:46.176 6217 AUDIT nova.compute.resource_tracker [-] Total usable vcpus: 2, total allocated vcpus: 0
2014-11-28 23:26:46.176 6217 AUDIT nova.compute.resource_tracker [-] PCI stats: []
2014-11-28 23:26:46.208 6217 INFO nova.scheduler.client.report [-] Compute_service record updated for ('juno-compute1', 'juno-compute1')
2014-11-28 23:26:46.208 6217 INFO nova.compute.resource_tracker [-] Compute_service record updated for juno-compute1:juno-compute1
2014-11-28 23:27:46.920 6217 AUDIT nova.compute.resource_tracker [-] Auditing locally available compute resources
2014-11-28 23:27:47.033 6217 AUDIT nova.compute.resource_tracker [-] Total physical ram (MB): 1841, total allocated virtual ram (MB): 512
2014-11-28 23:27:47.033 6217 AUDIT nova.compute.resource_tracker [-] Free disk (GB): 3
2014-11-28 23:27:47.034 6217 AUDIT nova.compute.resource_tracker [-] Total usable vcpus: 2, total allocated vcpus: 0
2014-11-28 23:27:47.034 6217 AUDIT nova.compute.resource_tracker [-] PCI stats: []
2014-11-28 23:27:47.034 6217 INFO nova.compute.resource_tracker [-] Compute_service record updated for juno-compute1:juno-compute1
2014-11-28 23:28:48.942 6217 AUDIT nova.compute.resource_tracker [-] Auditing locally available compute resources
2014-11-28 23:28:49.077 6217 AUDIT nova.compute.resource_tracker [-] Total physical ram (MB): 1841, total allocated virtual ram (MB): 512
2014-11-28 23:28:49.077 6217 AUDIT nova.compute.resource_tracker [-] Free disk (GB): 3
2014-11-28 23:28:49.077 6217 AUDIT nova.compute.resource_tracker [-] Total usable vcpus: 2, total allocated vcpus: 0
2014-11-28 23:28:49.077 6217 AUDIT nova.compute.resource_tracker [-] PCI stats: []
2014-11-28 23:28:49.077 6217 INFO nova.compute.resource_tracker [-] Compute_service record updated for juno-compute1:juno-compute1
2014-11-28 23:29:50.921 6217 AUDIT nova.compute.resource_tracker [-] Auditing locally available compute resources
2014-11-28 23:29:51.036 6217 AUDIT nova.compute.resource_tracker [-] Total physical ram (MB): 1841, total allocated virtual ram (MB): 512
2014-11-28 23:29:51.037 6217 AUDIT nova.compute.resource_tracker [-] Free disk (GB): 3
2014-11-28 23:29:51.037 6217 AUDIT nova.compute.resource_tracker [-] Total usable vcpus: 2, total allocated vcpus: 0
2014-11-28 23:29:51.037 6217 AUDIT nova.compute.resource_tracker [-] PCI stats: []
2014-11-28 23:29:51.037 6217 INFO nova.compute.resource_tracker [-] Compute_service record updated for juno-compute1:juno-compute1
2014-11-28 23:30:52.941 6217 AUDIT nova.compute.resource_tracker [-] Auditing locally available compute resources
2014-11-28 23:30:53.406 6217 AUDIT nova.compute.resource_tracker [-] Total physical ram (MB): 1841, total allocated virtual ram (MB): 512
2014-11-28 23:30:53.407 6217 AUDIT nova.compute.resource_tracker [-] Free disk (GB): 3
2014-11-28 23:30:53.407 6217 AUDIT nova.compute.resource_tracker [-] Total usable vcpus: 2, total allocated vcpus: 0
2014-11-28 23:30:53.407 6217 AUDIT nova.compute.resource_tracker [-] PCI stats: []
2014-11-28 23:30:53.407 6217 INFO nova.compute.resource_tracker [-] Compute_service record updated for juno-compute1:juno-compute1
2014-11-28 23:31:53.921 6217 AUDIT nova.compute.resource_tracker [-] Auditing locally available compute resources
2014-11-28 23:31:54.089 6217 AUDIT nova.compute.resource_tracker [-] Total physical ram (MB): 1841, total allocated virtual ram (MB): 512
2014-11-28 23:31:54.089 6217 AUDIT nova.compute.resource_tracker [-] Free disk (GB): 3
2014-11-28 23:31:54.090 6217 AUDIT nova.compute.resource_tracker [-] Total usable vcpus: 2, total allocated vcpus: 0
2014-11-28 23:31:54.090 6217 AUDIT nova.compute.resource_tracker [-] PCI stats: []
2014-11-28 23:31:54.090 6217 INFO nova.compute.resource_tracker [-] Compute_service record updated for juno-compute1:juno-compute1
2014-11-28 23:32:53.921 6217 AUDIT nova.compute.resource_tracker [-] Auditing locally available compute resources
2014-11-28 23:32:54.053 6217 AUDIT nova.compute.resource_tracker [-] Total physical ram (MB): 1841, total allocated virtual ram (MB): 512
2014-11-28 23:32:54.053 6217 AUDIT nova.compute.resource_tracker [-] Free disk (GB): 3
2014-11-28 23:32:54.053 6217 AUDIT nova.compute.resource_tracker [-] Total usable vcpus: 2, total allocated vcpus: 0
2014-11-28 23:32:54.053 6217 AUDIT nova.compute.resource_tracker [-] PCI stats: []
2014-11-28 23:32:54.054 6217 INFO nova.compute.resource_tracker [-] Compute_service record updated for juno-compute1:juno-compute1
2014-11-28 23:33:50.928 6217 ERROR oslo.messaging._drivers.impl_rabbit [-] Failed to consume message from queue: Socket closed
2014-11-28 23:33:50.928 6217 TRACE oslo.messaging._drivers.impl_rabbit Traceback (most recent call last):
2014-11-28 23:33:50.928 6217 TRACE oslo.messaging._drivers.impl_rabbit   File "/usr/lib/python2.7/site-packages/oslo/messaging/_drivers/impl_rabbit.py", line 655, in ensure
2014-11-28 23:33:50.928 6217 TRACE oslo.messaging._drivers.impl_rabbit     return method()
2014-11-28 23:33:50.928 6217 TRACE oslo.messaging._drivers.impl_rabbit   File "/usr/lib/python2.7/site-packages/oslo/messaging/_drivers/impl_rabbit.py", line 735, in _consume
2014-11-28 23:33:50.928 6217 TRACE oslo.messaging._drivers.impl_rabbit     return self.connection.drain_events(timeout=timeout)
2014-11-28 23:33:50.928 6217 TRACE oslo.messaging._drivers.impl_rabbit   File "/usr/lib/python2.7/site-packages/kombu/connection.py", line 281, in drain_events
2014-11-28 23:33:50.928 6217 TRACE oslo.messaging._drivers.impl_rabbit     return self.transport.drain_events(self.connection, **kwargs)
2014-11-28 23:33:50.928 6217 TRACE oslo.messaging._drivers.impl_rabbit   File "/usr/lib/python2.7/site-packages/kombu/transport/pyamqp.py", line 94, in drain_events
2014-11-28 23:33:50.928 6217 TRACE oslo.messaging._drivers.impl_rabbit     return connection.drain_events(**kwargs)
2014-11-28 23:33:50.928 6217 TRACE oslo.messaging._drivers.impl_rabbit   File "/usr/lib/python2.7/site-packages/amqp/connection.py", line 299, in drain_events
2014-11-28 23:33:50.928 6217 TRACE oslo.messaging._drivers.impl_rabbit     chanmap, None, timeout=timeout,
2014-11-28 23:33:50.928 6217 TRACE oslo.messaging._drivers.impl_rabbit   File "/usr/lib/python2.7/site-packages/amqp/connection.py", line 362, in _wait_multiple
2014-11-28 23:33:50.928 6217 TRACE oslo.messaging._drivers.impl_rabbit     channel, method_sig, args, content = read_timeout(timeout)
2014-11-28 23:33:50.928 6217 TRACE oslo.messaging._drivers.impl_rabbit   File "/usr/lib/python2.7/site-packages/amqp/connection.py", line 326, in read_timeout
2014-11-28 23:33:50.928 6217 TRACE oslo.messaging._drivers.impl_rabbit     return self.method_reader.read_method()
2014-11-28 23:33:50.928 6217 TRACE oslo.messaging._drivers.impl_rabbit   File "/usr/lib/python2.7/site-packages/amqp/method_framing.py", line 189, in read_method
2014-11-28 23:33:50.928 6217 TRACE oslo.messaging._drivers.impl_rabbit     raise m
2014-11-28 23:33:50.928 6217 TRACE oslo.messaging._drivers.impl_rabbit IOError: Socket closed
2014-11-28 23:33:50.928 6217 TRACE oslo.messaging._drivers.impl_rabbit 
2014-11-28 23:33:50.931 6217 INFO oslo.messaging._drivers.impl_rabbit [-] Delaying reconnect for 1.0 seconds...
2014-11-28 23:33:51.949 6217 INFO oslo.messaging._drivers.impl_rabbit [-] Connecting to AMQP server on 10.0.1.111:5672
2014-11-28 23:33:52.087 6217 ERROR oslo.messaging._drivers.impl_rabbit [-] Failed to publish message to topic 'conductor': [Errno 104] Connection reset by peer
2014-11-28 23:33:52.087 6217 TRACE oslo.messaging._drivers.impl_rabbit Traceback (most recent call last):
2014-11-28 23:33:52.087 6217 TRACE oslo.messaging._drivers.impl_rabbit   File "/usr/lib/python2.7/site-packages/oslo/messaging/_drivers/impl_rabbit.py", line 655, in ensure
2014-11-28 23:33:52.087 6217 TRACE oslo.messaging._drivers.impl_rabbit     return method()
2014-11-28 23:33:52.087 6217 TRACE oslo.messaging._drivers.impl_rabbit   File "/usr/lib/python2.7/site-packages/oslo/messaging/_drivers/impl_rabbit.py", line 752, in _publish
2014-11-28 23:33:52.087 6217 TRACE oslo.messaging._drivers.impl_rabbit     publisher = cls(self.conf, self.channel, topic=topic, **kwargs)
2014-11-28 23:33:52.087 6217 TRACE oslo.messaging._drivers.impl_rabbit   File "/usr/lib/python2.7/site-packages/oslo/messaging/_drivers/impl_rabbit.py", line 378, in __init__
2014-11-28 23:33:52.087 6217 TRACE oslo.messaging._drivers.impl_rabbit     **options)
2014-11-28 23:33:52.087 6217 TRACE oslo.messaging._drivers.impl_rabbit   File "/usr/lib/python2.7/site-packages/oslo/messaging/_drivers/impl_rabbit.py", line 326, in __init__
2014-11-28 23:33:52.087 6217 TRACE oslo.messaging._drivers.impl_rabbit     self.reconnect(channel)
2014-11-28 23:33:52.087 6217 TRACE oslo.messaging._drivers.impl_rabbit   File "/usr/lib/python2.7/site-packages/oslo/messaging/_drivers/impl_rabbit.py", line 334, in reconnect
2014-11-28 23:33:52.087 6217 TRACE oslo.messaging._drivers.impl_rabbit     routing_key=self.routing_key)
2014-11-28 23:33:52.087 6217 TRACE oslo.messaging._drivers.impl_rabbit   File "/usr/lib/python2.7/site-packages/kombu/messaging.py", line 83, in __init__
2014-11-28 23:33:52.087 6217 TRACE oslo.messaging._drivers.impl_rabbit     self.revive(self._channel)
2014-11-28 23:33:52.087 6217 TRACE oslo.messaging._drivers.impl_rabbit   File "/usr/lib/python2.7/site-packages/kombu/messaging.py", line 214, in revive
2014-11-28 23:33:52.087 6217 TRACE oslo.messaging._drivers.impl_rabbit     self.declare()
2014-11-28 23:33:52.087 6217 TRACE oslo.messaging._drivers.impl_rabbit   File "/usr/lib/python2.7/site-packages/kombu/messaging.py", line 100, in declare
2014-11-28 23:33:52.087 6217 TRACE oslo.messaging._drivers.impl_rabbit     self.exchange.declare()
2014-11-28 23:33:52.087 6217 TRACE oslo.messaging._drivers.impl_rabbit   File "/usr/lib/python2.7/site-packages/kombu/entity.py", line 163, in declare
2014-11-28 23:33:52.087 6217 TRACE oslo.messaging._drivers.impl_rabbit     nowait=nowait, passive=passive,
2014-11-28 23:33:52.087 6217 TRACE oslo.messaging._drivers.impl_rabbit   File "/usr/lib/python2.7/site-packages/amqp/channel.py", line 613, in exchange_declare
2014-11-28 23:33:52.087 6217 TRACE oslo.messaging._drivers.impl_rabbit     self._send_method((40, 10), args)
2014-11-28 23:33:52.087 6217 TRACE oslo.messaging._drivers.impl_rabbit   File "/usr/lib/python2.7/site-packages/amqp/abstract_channel.py", line 56, in _send_method
2014-11-28 23:33:52.087 6217 TRACE oslo.messaging._drivers.impl_rabbit     self.channel_id, method_sig, args, content,
2014-11-28 23:33:52.087 6217 TRACE oslo.messaging._drivers.impl_rabbit   File "/usr/lib/python2.7/site-packages/amqp/method_framing.py", line 221, in write_method
2014-11-28 23:33:52.087 6217 TRACE oslo.messaging._drivers.impl_rabbit     write_frame(1, channel, payload)
2014-11-28 23:33:52.087 6217 TRACE oslo.messaging._drivers.impl_rabbit   File "/usr/lib/python2.7/site-packages/amqp/transport.py", line 177, in write_frame
2014-11-28 23:33:52.087 6217 TRACE oslo.messaging._drivers.impl_rabbit     frame_type, channel, size, payload, 0xce,
2014-11-28 23:33:52.087 6217 TRACE oslo.messaging._drivers.impl_rabbit   File "/usr/lib/python2.7/site-packages/eventlet/greenio.py", line 359, in sendall
2014-11-28 23:33:52.087 6217 TRACE oslo.messaging._drivers.impl_rabbit     tail = self.send(data, flags)
2014-11-28 23:33:52.087 6217 TRACE oslo.messaging._drivers.impl_rabbit   File "/usr/lib/python2.7/site-packages/eventlet/greenio.py", line 342, in send
2014-11-28 23:33:52.087 6217 TRACE oslo.messaging._drivers.impl_rabbit     total_sent += fd.send(data[total_sent:], flags)
2014-11-28 23:33:52.087 6217 TRACE oslo.messaging._drivers.impl_rabbit error: [Errno 104] Connection reset by peer
2014-11-28 23:33:52.087 6217 TRACE oslo.messaging._drivers.impl_rabbit 
2014-11-28 23:33:52.089 6217 INFO oslo.messaging._drivers.impl_rabbit [-] Delaying reconnect for 1.0 seconds...
2014-11-28 23:33:53.090 6217 INFO oslo.messaging._drivers.impl_rabbit [-] Connecting to AMQP server on 10.0.1.111:5672
2014-11-28 23:33:53.921 6217 AUDIT nova.compute.resource_tracker [-] Auditing locally available compute resources
2014-11-28 23:33:54.003 6217 INFO oslo.messaging._drivers.impl_rabbit [-] Connecting to AMQP server on 10.0.1.111:5672
2014-11-28 23:33:56.973 6217 ERROR oslo.messaging._drivers.impl_rabbit [-] AMQP server on 10.0.1.111:5672 is unreachable: timed out. Trying again in 1 seconds.
2014-11-28 23:33:57.974 6217 INFO oslo.messaging._drivers.impl_rabbit [-] Delaying reconnect for 1.0 seconds...
2014-11-28 23:33:58.101 6217 ERROR oslo.messaging._drivers.impl_rabbit [-] AMQP server on 10.0.1.111:5672 is unreachable: timed out. Trying again in 1 seconds.
2014-11-28 23:33:58.975 6217 INFO oslo.messaging._drivers.impl_rabbit [-] Connecting to AMQP server on 10.0.1.111:5672
2014-11-28 23:33:59.016 6217 ERROR oslo.messaging._drivers.impl_rabbit [-] AMQP server on 10.0.1.111:5672 is unreachable: timed out. Trying again in 1 seconds.
2014-11-28 23:33:59.102 6217 INFO oslo.messaging._drivers.impl_rabbit [-] Delaying reconnect for 1.0 seconds...
2014-11-28 23:34:00.017 6217 INFO oslo.messaging._drivers.impl_rabbit [-] Delaying reconnect for 1.0 seconds...
2014-11-28 23:34:00.102 6217 INFO oslo.messaging._drivers.impl_rabbit [-] Connecting to AMQP server on 10.0.1.111:5672
2014-11-28 23:34:00.201 6217 INFO nova.openstack.common.service [-] Caught SIGTERM, exiting
2014-11-28 23:34:00.202 6217 WARNING nova.virt.libvirt.driver [-] Connection to libvirt lost: 1
2014-11-28 23:34:00.203 6217 INFO oslo.messaging._drivers.impl_rabbit [req-1c3176e3-710b-4703-9eae-c56adab31e79 ] Connecting to AMQP server on 10.0.1.111:5672
2014-11-28 23:38:05.780 2190 INFO nova.openstack.common.periodic_task [-] Skipping periodic task _periodic_update_dns because its interval is negative
2014-11-28 23:38:05.858 2190 INFO nova.virt.driver [-] Loading compute driver 'libvirt.LibvirtDriver'
2014-11-28 23:38:05.959 2190 INFO oslo.messaging._drivers.impl_rabbit [req-cc84a8bd-099f-45a6-92ae-3190250fa02c ] Connecting to AMQP server on 10.0.1.111:5672
2014-11-28 23:38:05.988 2190 ERROR oslo.messaging._drivers.impl_rabbit [req-cc84a8bd-099f-45a6-92ae-3190250fa02c ] AMQP server on 10.0.1.111:5672 is unreachable: [Errno 111] ECONNREFUSED. Trying again in 1 seconds.
2014-11-28 23:38:06.990 2190 INFO oslo.messaging._drivers.impl_rabbit [req-cc84a8bd-099f-45a6-92ae-3190250fa02c ] Delaying reconnect for 1.0 seconds...
2014-11-28 23:38:07.992 2190 INFO oslo.messaging._drivers.impl_rabbit [req-cc84a8bd-099f-45a6-92ae-3190250fa02c ] Connecting to AMQP server on 10.0.1.111:5672
2014-11-28 23:38:08.005 2190 ERROR oslo.messaging._drivers.impl_rabbit [req-cc84a8bd-099f-45a6-92ae-3190250fa02c ] AMQP server on 10.0.1.111:5672 is unreachable: [Errno 111] ECONNREFUSED. Trying again in 3 seconds.
2014-11-28 23:38:11.006 2190 INFO oslo.messaging._drivers.impl_rabbit [req-cc84a8bd-099f-45a6-92ae-3190250fa02c ] Delaying reconnect for 1.0 seconds...
2014-11-28 23:38:12.008 2190 INFO oslo.messaging._drivers.impl_rabbit [req-cc84a8bd-099f-45a6-92ae-3190250fa02c ] Connecting to AMQP server on 10.0.1.111:5672
2014-11-28 23:38:12.020 2190 ERROR oslo.messaging._drivers.impl_rabbit [req-cc84a8bd-099f-45a6-92ae-3190250fa02c ] AMQP server on 10.0.1.111:5672 is unreachable: [Errno 111] ECONNREFUSED. Trying again in 5 seconds.
2014-11-28 23:38:17.024 2190 INFO oslo.messaging._drivers.impl_rabbit [req-cc84a8bd-099f-45a6-92ae-3190250fa02c ] Delaying reconnect for 1.0 seconds...
2014-11-28 23:38:18.026 2190 INFO oslo.messaging._drivers.impl_rabbit [req-cc84a8bd-099f-45a6-92ae-3190250fa02c ] Connecting to AMQP server on 10.0.1.111:5672
2014-11-28 23:38:18.036 2190 INFO oslo.messaging._drivers.impl_rabbit [req-cc84a8bd-099f-45a6-92ae-3190250fa02c ] Connected to AMQP server on 10.0.1.111:5672
2014-11-28 23:38:18.040 2190 INFO oslo.messaging._drivers.impl_rabbit [req-cc84a8bd-099f-45a6-92ae-3190250fa02c ] Connecting to AMQP server on 10.0.1.111:5672
2014-11-28 23:38:18.054 2190 INFO oslo.messaging._drivers.impl_rabbit [req-cc84a8bd-099f-45a6-92ae-3190250fa02c ] Connected to AMQP server on 10.0.1.111:5672
2014-11-28 23:38:28.069 2190 WARNING nova.conductor.api [req-cc84a8bd-099f-45a6-92ae-3190250fa02c None] Timed out waiting for nova-conductor.  Is it running? Or did this service start before nova-conductor?  Reattempting establishment of nova-conductor connection...
2014-11-28 23:38:28.103 2190 INFO nova.conductor.api [req-cc84a8bd-099f-45a6-92ae-3190250fa02c None] nova-conductor connection established successfully
2014-11-28 23:38:28.144 2190 AUDIT nova.service [-] Starting compute node (version 2014.2-2.el7.centos)
2014-11-28 23:38:28.458 2190 AUDIT nova.compute.resource_tracker [-] Auditing locally available compute resources
2014-11-28 23:38:28.558 2190 AUDIT nova.compute.resource_tracker [-] Total physical ram (MB): 1841, total allocated virtual ram (MB): 512
2014-11-28 23:38:28.559 2190 AUDIT nova.compute.resource_tracker [-] Free disk (GB): 3
2014-11-28 23:38:28.559 2190 AUDIT nova.compute.resource_tracker [-] Total usable vcpus: 2, total allocated vcpus: 0
2014-11-28 23:38:28.559 2190 AUDIT nova.compute.resource_tracker [-] PCI stats: []
2014-11-28 23:38:28.604 2190 INFO nova.scheduler.client.report [-] Compute_service record updated for ('juno-compute1', 'juno-compute1')
2014-11-28 23:38:28.605 2190 INFO nova.compute.resource_tracker [-] Compute_service record updated for juno-compute1:juno-compute1
2014-11-28 23:38:28.662 2190 INFO oslo.messaging._drivers.impl_rabbit [-] Connecting to AMQP server on 10.0.1.111:5672
2014-11-28 23:38:28.671 2190 INFO oslo.messaging._drivers.impl_rabbit [-] Connected to AMQP server on 10.0.1.111:5672
2014-11-28 23:39:05.463 2190 AUDIT nova.compute.resource_tracker [-] Auditing locally available compute resources
2014-11-28 23:39:05.612 2190 AUDIT nova.compute.resource_tracker [-] Total physical ram (MB): 1841, total allocated virtual ram (MB): 512
2014-11-28 23:39:05.613 2190 AUDIT nova.compute.resource_tracker [-] Free disk (GB): 3
2014-11-28 23:39:05.613 2190 AUDIT nova.compute.resource_tracker [-] Total usable vcpus: 2, total allocated vcpus: 0
2014-11-28 23:39:05.613 2190 AUDIT nova.compute.resource_tracker [-] PCI stats: []
2014-11-28 23:39:05.613 2190 INFO nova.compute.resource_tracker [-] Compute_service record updated for juno-compute1:juno-compute1
