2014-11-28 23:22:22.964 10993 INFO migrate.versioning.api [-] 0 -> 1... 
2014-11-28 23:22:23.363 10993 INFO migrate.versioning.api [-] done
2014-11-28 23:22:23.363 10993 INFO migrate.versioning.api [-] 1 -> 2... 
2014-11-28 23:22:23.477 10993 INFO migrate.versioning.api [-] done
2014-11-28 23:22:23.478 10993 INFO migrate.versioning.api [-] 2 -> 3... 
2014-11-28 23:22:23.502 10993 INFO migrate.versioning.api [-] done
2014-11-28 23:22:23.502 10993 INFO migrate.versioning.api [-] 3 -> 4... 
2014-11-28 23:22:23.567 10993 INFO 004_volume_type_to_uuid [-] Created foreign key volume_type_extra_specs_ibfk_1
2014-11-28 23:22:23.572 10993 INFO migrate.versioning.api [-] done
2014-11-28 23:22:23.572 10993 INFO migrate.versioning.api [-] 4 -> 5... 
2014-11-28 23:22:23.601 10993 INFO migrate.versioning.api [-] done
2014-11-28 23:22:23.601 10993 INFO migrate.versioning.api [-] 5 -> 6... 
2014-11-28 23:22:23.620 10993 INFO migrate.versioning.api [-] done
2014-11-28 23:22:23.621 10993 INFO migrate.versioning.api [-] 6 -> 7... 
2014-11-28 23:22:23.653 10993 INFO migrate.versioning.api [-] done
2014-11-28 23:22:23.654 10993 INFO migrate.versioning.api [-] 7 -> 8... 
2014-11-28 23:22:23.666 10993 INFO migrate.versioning.api [-] done
2014-11-28 23:22:23.666 10993 INFO migrate.versioning.api [-] 8 -> 9... 
2014-11-28 23:22:23.684 10993 INFO migrate.versioning.api [-] done
2014-11-28 23:22:23.684 10993 INFO migrate.versioning.api [-] 9 -> 10... 
2014-11-28 23:22:23.715 10993 INFO migrate.versioning.api [-] done
2014-11-28 23:22:23.716 10993 INFO migrate.versioning.api [-] 10 -> 11... 
2014-11-28 23:22:23.748 10993 INFO migrate.versioning.api [-] done
2014-11-28 23:22:23.748 10993 INFO migrate.versioning.api [-] 11 -> 12... 
2014-11-28 23:22:23.774 10993 INFO migrate.versioning.api [-] done
2014-11-28 23:22:23.774 10993 INFO migrate.versioning.api [-] 12 -> 13... 
2014-11-28 23:22:23.793 10993 INFO migrate.versioning.api [-] done
2014-11-28 23:22:23.794 10993 INFO migrate.versioning.api [-] 13 -> 14... 
2014-11-28 23:22:23.829 10993 INFO migrate.versioning.api [-] done
2014-11-28 23:22:23.829 10993 INFO migrate.versioning.api [-] 14 -> 15... 
2014-11-28 23:22:23.840 10993 INFO migrate.versioning.api [-] done
2014-11-28 23:22:23.840 10993 INFO migrate.versioning.api [-] 15 -> 16... 
2014-11-28 23:22:23.865 10993 INFO migrate.versioning.api [-] done
2014-11-28 23:22:23.865 10993 INFO migrate.versioning.api [-] 16 -> 17... 
2014-11-28 23:22:23.912 10993 INFO migrate.versioning.api [-] done
2014-11-28 23:22:23.912 10993 INFO migrate.versioning.api [-] 17 -> 18... 
2014-11-28 23:22:23.944 10993 INFO migrate.versioning.api [-] done
2014-11-28 23:22:23.944 10993 INFO migrate.versioning.api [-] 18 -> 19... 
2014-11-28 23:22:23.965 10993 INFO migrate.versioning.api [-] done
2014-11-28 23:22:23.965 10993 INFO migrate.versioning.api [-] 19 -> 20... 
2014-11-28 23:22:23.982 10993 INFO migrate.versioning.api [-] done
2014-11-28 23:22:23.982 10993 INFO migrate.versioning.api [-] 20 -> 21... 
2014-11-28 23:22:23.995 10993 INFO 021_add_default_quota_class [-] Added default quota class data into the DB.
2014-11-28 23:22:24.000 10993 INFO migrate.versioning.api [-] done
2014-11-28 23:22:24.000 10993 INFO migrate.versioning.api [-] 21 -> 22... 
2014-11-28 23:22:24.016 10993 INFO migrate.versioning.api [-] done
2014-11-28 23:22:24.016 10993 INFO migrate.versioning.api [-] 22 -> 23... 
2014-11-28 23:22:24.039 10993 INFO migrate.versioning.api [-] done
2014-11-28 23:22:24.039 10993 INFO migrate.versioning.api [-] 23 -> 24... 
2014-11-28 23:22:24.075 10993 INFO migrate.versioning.api [-] done
2014-11-28 23:22:24.075 10993 INFO migrate.versioning.api [-] 24 -> 25... 
2014-11-28 23:22:24.133 10993 INFO migrate.versioning.api [-] done
2014-11-28 23:22:24.133 10993 INFO migrate.versioning.api [-] 25 -> 26... 
2014-11-28 23:22:24.141 10993 INFO 026_add_consistencygroup_quota_class [-] Added default consistencygroups quota class data into the DB.
2014-11-28 23:22:24.145 10993 INFO migrate.versioning.api [-] done
