2014-11-28 23:22:27.719 11121 INFO cinder.openstack.common.service [-] Starting 1 workers
2014-11-28 23:22:27.722 11121 INFO cinder.openstack.common.service [-] Started child 11173
2014-11-28 23:22:27.739 11173 INFO cinder.service [-] Starting cinder-volume node (version 2014.2)
2014-11-28 23:22:27.741 11173 INFO cinder.volume.manager [req-57227feb-0c4e-4387-84b1-66ff93baebe3 - - - - -] Starting volume driver LVMISCSIDriver (2.0.0)
2014-11-28 23:22:28.563 11173 INFO cinder.volume.manager [req-57227feb-0c4e-4387-84b1-66ff93baebe3 - - - - -] Updating volume status
2014-11-28 23:22:28.624 11173 INFO oslo.messaging._drivers.impl_rabbit [req-57227feb-0c4e-4387-84b1-66ff93baebe3 - - - - -] Connecting to AMQP server on 10.0.1.111:5672
2014-11-28 23:22:28.640 11173 INFO oslo.messaging._drivers.impl_rabbit [req-57227feb-0c4e-4387-84b1-66ff93baebe3 - - - - -] Connected to AMQP server on 10.0.1.111:5672
2014-11-28 23:22:28.654 11173 INFO oslo.messaging._drivers.impl_rabbit [-] Connecting to AMQP server on 10.0.1.111:5672
2014-11-28 23:22:28.663 11173 INFO oslo.messaging._drivers.impl_rabbit [-] Connected to AMQP server on 10.0.1.111:5672
2014-11-28 23:23:45.689 11173 INFO cinder.volume.manager [-] Updating volume status
2014-11-28 23:23:45.778 11173 INFO cinder.volume.manager [-] Updating volume replication status.
2014-11-28 23:24:45.695 11173 INFO cinder.volume.manager [-] Updating volume status
2014-11-28 23:24:45.771 11173 INFO cinder.volume.manager [-] Updating volume replication status.
2014-11-28 23:25:45.705 11173 INFO cinder.volume.manager [-] Updating volume status
2014-11-28 23:25:45.844 11173 INFO cinder.volume.manager [-] Updating volume replication status.
2014-11-28 23:26:45.707 11173 INFO cinder.volume.manager [-] Updating volume status
2014-11-28 23:26:45.841 11173 INFO cinder.volume.manager [-] Updating volume replication status.
2014-11-28 23:27:45.712 11173 INFO cinder.volume.manager [-] Updating volume status
2014-11-28 23:27:45.829 11173 INFO cinder.volume.manager [-] Updating volume replication status.
2014-11-28 23:28:45.712 11173 INFO cinder.volume.manager [-] Updating volume status
2014-11-28 23:28:45.804 11173 INFO cinder.volume.manager [-] Updating volume replication status.
2014-11-28 23:29:45.722 11173 INFO cinder.volume.manager [-] Updating volume status
2014-11-28 23:29:45.822 11173 INFO cinder.volume.manager [-] Updating volume replication status.
2014-11-28 23:30:45.736 11173 INFO cinder.volume.manager [-] Updating volume status
2014-11-28 23:30:45.971 11173 INFO cinder.volume.manager [-] Updating volume replication status.
2014-11-28 23:31:45.741 11173 INFO cinder.volume.manager [-] Updating volume status
2014-11-28 23:31:45.860 11173 INFO cinder.volume.manager [-] Updating volume replication status.
2014-11-28 23:32:45.745 11173 INFO cinder.volume.manager [-] Updating volume status
2014-11-28 23:32:45.848 11173 INFO cinder.volume.manager [-] Updating volume replication status.
2014-11-28 23:33:45.744 11173 INFO cinder.volume.manager [-] Updating volume status
2014-11-28 23:33:45.845 11173 INFO cinder.volume.manager [-] Updating volume replication status.
2014-11-28 23:33:50.312 11121 INFO cinder.openstack.common.service [-] Caught SIGTERM, stopping children
2014-11-28 23:33:50.312 11121 INFO cinder.openstack.common.service [-] Waiting on 1 children to exit
2014-11-28 23:33:50.329 11173 INFO cinder.openstack.common.service [-] Child caught SIGTERM, exiting
2014-11-28 23:33:50.363 11121 INFO cinder.openstack.common.service [-] Child 11173 exited with status 1
2014-11-28 23:38:09.829 1029 INFO cinder.openstack.common.service [-] Starting 1 workers
2014-11-28 23:38:09.918 1029 INFO cinder.openstack.common.service [-] Started child 2859
2014-11-28 23:38:10.038 2859 INFO cinder.service [-] Starting cinder-volume node (version 2014.2)
2014-11-28 23:38:10.040 2859 INFO cinder.volume.manager [req-91a4bc79-7557-40ee-8a4b-8fea8ff387aa - - - - -] Starting volume driver LVMISCSIDriver (2.0.0)
2014-11-28 23:38:13.903 2859 WARNING oslo.db.sqlalchemy.session [req-91a4bc79-7557-40ee-8a4b-8fea8ff387aa - - - - -] SQL connection failed. 10 attempts left.
2014-11-28 23:38:24.026 2859 INFO cinder.volume.manager [req-91a4bc79-7557-40ee-8a4b-8fea8ff387aa - - - - -] Updating volume status
2014-11-28 23:38:24.115 2859 INFO oslo.messaging._drivers.impl_rabbit [req-91a4bc79-7557-40ee-8a4b-8fea8ff387aa - - - - -] Connecting to AMQP server on 10.0.1.111:5672
2014-11-28 23:38:24.130 2859 INFO oslo.messaging._drivers.impl_rabbit [req-91a4bc79-7557-40ee-8a4b-8fea8ff387aa - - - - -] Connected to AMQP server on 10.0.1.111:5672
2014-11-28 23:38:24.138 2859 INFO oslo.messaging._drivers.impl_rabbit [-] Connecting to AMQP server on 10.0.1.111:5672
2014-11-28 23:38:24.148 2859 INFO oslo.messaging._drivers.impl_rabbit [-] Connected to AMQP server on 10.0.1.111:5672
